<?xml version="1.0" encoding="UTF-8"?>
<coverage generated="1702326701973" clover="3.2.0">
  <project timestamp="1702326701974" name="All files">
    <metrics statements="126" coveredstatements="100" conditionals="21" coveredconditionals="9" methods="43" coveredmethods="29" elements="190" coveredelements="138" complexity="0" loc="126" ncloc="126" packages="5" files="10" classes="10"/>
    <package name="src.business">
      <metrics statements="49" coveredstatements="45" conditionals="4" coveredconditionals="0" methods="8" coveredmethods="8"/>
      <file name="UserBusiness.ts" path="C:\Users\Usuario\Desktop\Projetos_Github\labenuProjetos\FullStack\testes-backend-II-template\src\business\UserBusiness.ts">
        <metrics statements="49" coveredstatements="45" conditionals="4" coveredconditionals="0" methods="8" coveredmethods="8"/>
        <line num="5" count="3" type="stmt"/>
        <line num="6" count="3" type="stmt"/>
        <line num="7" count="3" type="stmt"/>
        <line num="12" count="3" type="stmt"/>
        <line num="14" count="3" type="stmt"/>
        <line num="15" count="3" type="stmt"/>
        <line num="16" count="3" type="stmt"/>
        <line num="17" count="3" type="stmt"/>
        <line num="20" count="3" type="stmt"/>
        <line num="22" count="1" type="stmt"/>
        <line num="23" count="1" type="stmt"/>
        <line num="25" count="1" type="stmt"/>
        <line num="27" count="1" type="cond" truecount="0" falsecount="1"/>
        <line num="28" count="0" type="stmt"/>
        <line num="31" count="1" type="cond" truecount="0" falsecount="1"/>
        <line num="32" count="0" type="stmt"/>
        <line num="35" count="1" type="stmt"/>
        <line num="37" count="1" type="stmt"/>
        <line num="38" count="2" type="stmt"/>
        <line num="47" count="2" type="stmt"/>
        <line num="50" count="1" type="stmt"/>
        <line num="52" count="1" type="stmt"/>
        <line num="55" count="3" type="stmt"/>
        <line num="57" count="1" type="stmt"/>
        <line num="58" count="1" type="stmt"/>
        <line num="60" count="1" type="stmt"/>
        <line num="61" count="1" type="stmt"/>
        <line num="63" count="1" type="stmt"/>
        <line num="72" count="1" type="stmt"/>
        <line num="73" count="1" type="stmt"/>
        <line num="75" count="1" type="stmt"/>
        <line num="81" count="1" type="stmt"/>
        <line num="83" count="1" type="stmt"/>
        <line num="88" count="1" type="stmt"/>
        <line num="91" count="3" type="stmt"/>
        <line num="93" count="1" type="stmt"/>
        <line num="94" count="1" type="stmt"/>
        <line num="96" count="1" type="stmt"/>
        <line num="98" count="1" type="cond" truecount="0" falsecount="1"/>
        <line num="99" count="0" type="stmt"/>
        <line num="102" count="1" type="stmt"/>
        <line num="104" count="1" type="stmt"/>
        <line num="106" count="1" type="cond" truecount="0" falsecount="1"/>
        <line num="107" count="0" type="stmt"/>
        <line num="110" count="1" type="stmt"/>
        <line num="119" count="1" type="stmt"/>
        <line num="125" count="1" type="stmt"/>
        <line num="127" count="1" type="stmt"/>
        <line num="132" count="1" type="stmt"/>
      </file>
    </package>
    <package name="src.database">
      <metrics statements="6" coveredstatements="5" conditionals="0" coveredconditionals="0" methods="1" coveredmethods="0"/>
      <file name="BaseDatabase.ts" path="C:\Users\Usuario\Desktop\Projetos_Github\labenuProjetos\FullStack\testes-backend-II-template\src\database\BaseDatabase.ts">
        <metrics statements="6" coveredstatements="5" conditionals="0" coveredconditionals="0" methods="1" coveredmethods="0"/>
        <line num="1" count="3" type="stmt"/>
        <line num="2" count="3" type="stmt"/>
        <line num="4" count="3" type="stmt"/>
        <line num="6" count="3" type="stmt"/>
        <line num="7" count="3" type="stmt"/>
        <line num="17" count="0" type="stmt"/>
      </file>
    </package>
    <package name="src.errors">
      <metrics statements="9" coveredstatements="5" conditionals="2" coveredconditionals="0" methods="1" coveredmethods="0"/>
      <file name="BadRequestError.ts" path="C:\Users\Usuario\Desktop\Projetos_Github\labenuProjetos\FullStack\testes-backend-II-template\src\errors\BadRequestError.ts">
        <metrics statements="3" coveredstatements="2" conditionals="1" coveredconditionals="0" methods="0" coveredmethods="0"/>
        <line num="1" count="3" type="stmt"/>
        <line num="3" count="3" type="stmt"/>
        <line num="7" count="0" type="stmt"/>
      </file>
      <file name="BaseError.ts" path="C:\Users\Usuario\Desktop\Projetos_Github\labenuProjetos\FullStack\testes-backend-II-template\src\errors\BaseError.ts">
        <metrics statements="3" coveredstatements="1" conditionals="0" coveredconditionals="0" methods="1" coveredmethods="0"/>
        <line num="1" count="3" type="stmt"/>
        <line num="3" count="0" type="stmt"/>
        <line num="6" count="0" type="stmt"/>
      </file>
      <file name="NotFoundError.ts" path="C:\Users\Usuario\Desktop\Projetos_Github\labenuProjetos\FullStack\testes-backend-II-template\src\errors\NotFoundError.ts">
        <metrics statements="3" coveredstatements="2" conditionals="1" coveredconditionals="0" methods="0" coveredmethods="0"/>
        <line num="1" count="3" type="stmt"/>
        <line num="3" count="3" type="stmt"/>
        <line num="7" count="0" type="stmt"/>
      </file>
    </package>
    <package name="src.models">
      <metrics statements="24" coveredstatements="15" conditionals="2" coveredconditionals="2" methods="16" coveredmethods="7"/>
      <file name="User.ts" path="C:\Users\Usuario\Desktop\Projetos_Github\labenuProjetos\FullStack\testes-backend-II-template\src\models\User.ts">
        <metrics statements="24" coveredstatements="15" conditionals="2" coveredconditionals="2" methods="16" coveredmethods="7"/>
        <line num="1" count="3" type="cond" truecount="2" falsecount="0"/>
        <line num="2" count="3" type="stmt"/>
        <line num="3" count="3" type="stmt"/>
        <line num="29" count="3" type="stmt"/>
        <line num="31" count="4" type="stmt"/>
        <line num="32" count="4" type="stmt"/>
        <line num="33" count="4" type="stmt"/>
        <line num="34" count="4" type="stmt"/>
        <line num="35" count="4" type="stmt"/>
        <line num="36" count="4" type="stmt"/>
        <line num="40" count="2" type="stmt"/>
        <line num="44" count="0" type="stmt"/>
        <line num="48" count="2" type="stmt"/>
        <line num="52" count="0" type="stmt"/>
        <line num="56" count="0" type="stmt"/>
        <line num="60" count="0" type="stmt"/>
        <line num="64" count="0" type="stmt"/>
        <line num="68" count="0" type="stmt"/>
        <line num="72" count="2" type="stmt"/>
        <line num="76" count="0" type="stmt"/>
        <line num="80" count="0" type="stmt"/>
        <line num="84" count="0" type="stmt"/>
        <line num="88" count="1" type="stmt"/>
        <line num="99" count="2" type="stmt"/>
      </file>
    </package>
    <package name="tests.mocks">
      <metrics statements="38" coveredstatements="30" conditionals="13" coveredconditionals="7" methods="17" coveredmethods="14"/>
      <file name="HashManagerMock.ts" path="C:\Users\Usuario\Desktop\Projetos_Github\labenuProjetos\FullStack\testes-backend-II-template\tests\mocks\HashManagerMock.ts">
        <metrics statements="10" coveredstatements="8" conditionals="3" coveredconditionals="1" methods="5" coveredmethods="5"/>
        <line num="1" count="3" type="stmt"/>
        <line num="2" count="3" type="stmt"/>
        <line num="4" count="1" type="stmt"/>
        <line num="5" count="1" type="stmt"/>
        <line num="8" count="3" type="stmt"/>
        <line num="11" count="1" type="stmt"/>
        <line num="12" count="1" type="cond" truecount="1" falsecount="2"/>
        <line num="14" count="1" type="stmt"/>
        <line num="17" count="0" type="stmt"/>
        <line num="20" count="0" type="stmt"/>
      </file>
      <file name="IdGeneratorMock.ts" path="C:\Users\Usuario\Desktop\Projetos_Github\labenuProjetos\FullStack\testes-backend-II-template\tests\mocks\IdGeneratorMock.ts">
        <metrics statements="3" coveredstatements="3" conditionals="0" coveredconditionals="0" methods="2" coveredmethods="2"/>
        <line num="1" count="3" type="stmt"/>
        <line num="2" count="3" type="stmt"/>
        <line num="3" count="1" type="stmt"/>
      </file>
      <file name="TokenManagerMock.ts" path="C:\Users\Usuario\Desktop\Projetos_Github\labenuProjetos\FullStack\testes-backend-II-template\tests\mocks\TokenManagerMock.ts">
        <metrics statements="14" coveredstatements="11" conditionals="8" coveredconditionals="5" methods="3" coveredmethods="3"/>
        <line num="1" count="3" type="stmt"/>
        <line num="3" count="3" type="stmt"/>
        <line num="4" count="3" type="stmt"/>
        <line num="5" count="2" type="cond" truecount="2" falsecount="0"/>
        <line num="7" count="1" type="stmt"/>
        <line num="9" count="1" type="cond" truecount="1" falsecount="1"/>
        <line num="11" count="1" type="stmt"/>
        <line num="15" count="0" type="stmt"/>
        <line num="19" count="3" type="stmt"/>
        <line num="20" count="1" type="cond" truecount="1" falsecount="1"/>
        <line num="21" count="0" type="stmt"/>
        <line num="27" count="1" type="cond" truecount="1" falsecount="1"/>
        <line num="28" count="1" type="stmt"/>
        <line num="35" count="0" type="stmt"/>
      </file>
      <file name="UserDatabaseMock.ts" path="C:\Users\Usuario\Desktop\Projetos_Github\labenuProjetos\FullStack\testes-backend-II-template\tests\mocks\UserDatabaseMock.ts">
        <metrics statements="11" coveredstatements="8" conditionals="2" coveredconditionals="1" methods="7" coveredmethods="4"/>
        <line num="1" count="3" type="stmt"/>
        <line num="2" count="3" type="stmt"/>
        <line num="4" count="3" type="stmt"/>
        <line num="23" count="3" type="stmt"/>
        <line num="24" count="3" type="stmt"/>
        <line num="29" count="1" type="cond" truecount="1" falsecount="1"/>
        <line num="30" count="0" type="stmt"/>
        <line num="31" count="0" type="stmt"/>
        <line num="35" count="1" type="stmt"/>
        <line num="42" count="0" type="stmt"/>
        <line num="48" count="2" type="stmt"/>
      </file>
    </package>
  </project>
</coverage>
